<?xml version="1.0" encoding="UTF-8"?>
<!-- Generated by org.testng.reporters.JUnitReportReporter -->
<testsuite hostname="DESKTOP-HVBBI7I" failures="0" tests="5" name="get.VideoGameGet" time="6.593" errors="0" timestamp="2022-03-16T15:58:07 IST" skipped="0">
  <testcase classname="get.VideoGameGet" name="GET_getVideogmaes" time="4.261"/>
  <system-out/>
  <testcase classname="get.VideoGameGet" name="POST_createvidoegames" time="1.025"/>
  <system-out/>
  <testcase classname="get.VideoGameGet" name="getVideoGamebyID" time="1.130"/>
  <system-out/>
  <testcase classname="get.VideoGameGet" name="PUT_changedata" time="0.135"/>
  <system-out/>
  <testcase classname="get.VideoGameGet" name="deletegme" time="0.042"/>
  <system-out/>
</testsuite> <!-- get.VideoGameGet -->
